<?xml version="1.0" encoding="UTF-8"?>
<testsuite name="FileManagerTest" tests="1" skipped="0" failures="0" errors="0" timestamp="2015-06-13T23:14:36" hostname="maxi-C14C" time="0.005">
  <properties/>
  <testcase name="testSomeLibraryMethod" classname="FileManagerTest" time="0.005"/>
  <system-out><![CDATA[]]></system-out>
  <system-err><![CDATA[]]></system-err>
</testsuite>
