<?xml version="1.0" encoding="UTF-8"?>
<testsuite name="com.max.lowercaser.FileManagerTest" tests="6" skipped="0" failures="0" errors="0" timestamp="2015-06-15T14:47:11" hostname="maxi-C14C" time="0.017">
  <properties/>
  <testcase name="testOpenFileThatExist" classname="com.max.lowercaser.FileManagerTest" time="0.013"/>
  <testcase name="testReadLineThatNotExist" classname="com.max.lowercaser.FileManagerTest" time="0.0"/>
  <testcase name="testReadLineFive" classname="com.max.lowercaser.FileManagerTest" time="0.0"/>
  <testcase name="testReadLineZero" classname="com.max.lowercaser.FileManagerTest" time="0.001"/>
  <testcase name="testOpenFileThatExistWhitBlankSpaces" classname="com.max.lowercaser.FileManagerTest" time="0.0"/>
  <testcase name="testOpenFileThatNotExist" classname="com.max.lowercaser.FileManagerTest" time="0.0"/>
  <system-out><![CDATA[]]></system-out>
  <system-err><![CDATA[SLF4J: Failed to load class "org.slf4j.impl.StaticLoggerBinder".
SLF4J: Defaulting to no-operation (NOP) logger implementation
SLF4J: See http://www.slf4j.org/codes.html#StaticLoggerBinder for further details.
]]></system-err>
</testsuite>
